<?xml version="1.0" encoding="UTF-8"?>
<!-- Generated by org.testng.reporters.JUnitReportReporter -->
<testsuite skipped="0" hostname="TB-02-03-W-56" name="testcases.VerifyHomepage" tests="1" failures="0" timestamp="26 May 2017 11:54:06 GMT" time="221.844" errors="0">
  <testcase name="Verify_Header" time="221.844" classname="testcases.VerifyHomepage"/>
</testsuite> <!-- testcases.VerifyHomepage -->
