<?xml version="1.0" encoding="UTF-8"?>
<!-- Generated by org.testng.reporters.JUnitReportReporter -->
<testsuite skipped="0" hostname="TB-02-03-W-56" name="testcases.VerifyHomepage" tests="4" failures="0" timestamp="09 Jun 2017 12:13:30 GMT" time="83.266" errors="0">
  <testcase name="Verify_Settings" time="19.490" classname="testcases.VerifyHomepage"/>
  <testcase name="Verify_Header" time="13.351" classname="testcases.VerifyHomepage"/>
  <testcase name="Search" time="22.413" classname="testcases.VerifyHomepage"/>
  <testcase name="Verify_SignIn" time="28.012" classname="testcases.VerifyHomepage"/>
</testsuite> <!-- testcases.VerifyHomepage -->
