<?xml version="1.0" encoding="UTF-8"?>
<!-- Generated by org.testng.reporters.JUnitReportReporter -->
<testsuite skipped="0" hostname="TB-02-03-W-56" name="testcases.VerifyHomepage" tests="1" failures="0" timestamp="06 Jun 2017 09:37:33 GMT" time="27.045" errors="0">
  <testcase name="Verify_SignIn" time="27.045" classname="testcases.VerifyHomepage"/>
</testsuite> <!-- testcases.VerifyHomepage -->
