<?xml version="1.0" encoding="UTF-8"?>
<!-- Generated by org.testng.reporters.JUnitReportReporter -->
<testsuite skipped="0" hostname="TB-02-03-W-56" name="testcases.VerifyHomepage" tests="2" failures="0" timestamp="02 Jun 2017 11:12:23 GMT" time="36.340" errors="0">
  <testcase name="Search" time="21.006" classname="testcases.VerifyHomepage"/>
  <testcase name="Verify_Header" time="15.334" classname="testcases.VerifyHomepage"/>
</testsuite> <!-- testcases.VerifyHomepage -->
